<?xml version="1.0" encoding="UTF-8"?>
<!-- Generated by org.testng.reporters.JUnitXMLReporter -->
<testsuite ignored="0" hostname="LAPTOP-Q93TU05O" failures="1" tests="3" name="FirefoxTest" time="15.29" errors="0" timestamp="2025-05-20T21:37:40 IST">
  <testcase classname="testNGParallelTest.NewTest" name="testLogo" time="0.071">
    <failure type="java.lang.AssertionError" message="expected [true] but found [false]">
      <![CDATA[java.lang.AssertionError: expected [true] but found [false]
at testNGParallelTest.NewTest.testLogo(NewTest.java:46)
at java.base/java.util.ArrayList.forEach(ArrayList.java:1597)
at java.base/java.util.concurrent.FutureTask.run(FutureTask.java:317)
at java.base/java.util.concurrent.ThreadPoolExecutor.runWorker(ThreadPoolExecutor.java:1144)
at java.base/java.util.concurrent.ThreadPoolExecutor$Worker.run(ThreadPoolExecutor.java:642)
at java.base/java.lang.Thread.run(Thread.java:1570)
... Removed 22 stack frames]]>
    </failure>
  </testcase> <!-- testLogo -->
  <testcase classname="testNGParallelTest.NewTest" name="testTitle" time="0.011"/>
  <testcase classname="testNGParallelTest.NewTest" name="testURL" time="0.01"/>
</testsuite> <!-- FirefoxTest -->
